<?xml version="1.0" encoding="UTF-8"?>
<!-- Generated by org.testng.reporters.JUnitReportReporter -->
<testsuite hostname="LAPTOP-9PIK1VTN" name="runner.RunCukes" tests="1" failures="0" timestamp="3 Jan 2020 16:20:17 GMT" time="63.557" errors="0">
  <testcase name="feature" time="63.557" classname="runner.RunCukes"/>
</testsuite> <!-- runner.RunCukes -->
